<?xml version="1.0" encoding="UTF-8"?>
<!-- Generated by org.testng.reporters.JUnitReportReporter -->
<testsuite hostname="LIS-82QKGH2" name="knowler_unitTests.TestLogic" tests="82" failures="0" timestamp="29 Sep 2020 11:53:25 GMT" time="61.511" errors="0">
  <testcase name="testWaitNegativeValue" time="0.357" classname="knowler_unitTests.TestLogic"/>
  <testcase name="testCheckUrlFail" time="0.437" classname="knowler_unitTests.TestLogic"/>
  <testcase name="testClickFailure" time="0.371" classname="knowler_unitTests.TestLogic"/>
  <testcase name="testSwitchSuccess" time="0.357" classname="knowler_unitTests.TestLogic"/>
  <testcase name="testTypeSuccessWithShift" time="0.392" classname="knowler_unitTests.TestLogic"/>
  <testcase name="testWriteDynamicLineInvalid" time="0.360" classname="knowler_unitTests.TestLogic"/>
  <testcase name="testClickXYInvalidY" time="0.335" classname="knowler_unitTests.TestLogic"/>
  <testcase name="testTypeSuccessWithShiftAndWord" time="0.386" classname="knowler_unitTests.TestLogic"/>
  <testcase name="excelManagerSuccess" time="0.539" classname="knowler_unitTests.TestLogic"/>
  <testcase name="testCheckClassSuccess" time="0.385" classname="knowler_unitTests.TestLogic"/>
  <testcase name="testWaitForElementNull" time="0.438" classname="knowler_unitTests.TestLogic"/>
  <testcase name="testWaitForElementSuccess" time="0.397" classname="knowler_unitTests.TestLogic"/>
  <testcase name="testClickNull" time="0.384" classname="knowler_unitTests.TestLogic"/>
  <testcase name="testSelectWindowSuccess" time="0.349" classname="knowler_unitTests.TestLogic"/>
  <testcase name="testSetInvalid" time="0.392" classname="knowler_unitTests.TestLogic"/>
  <testcase name="testWriteDynamicLineSuccess" time="0.356" classname="knowler_unitTests.TestLogic"/>
  <testcase name="testMoveMouseObjectInvalidxPath" time="0.392" classname="knowler_unitTests.TestLogic"/>
  <testcase name="testMoveMouseXYInvalidX" time="0.389" classname="knowler_unitTests.TestLogic"/>
  <testcase name="testCheckClassFail" time="0.455" classname="knowler_unitTests.TestLogic"/>
  <testcase name="testSelectSuccess" time="0.425" classname="knowler_unitTests.TestLogic"/>
  <testcase name="testWriteDynamicValueInvalid" time="0.359" classname="knowler_unitTests.TestLogic"/>
  <testcase name="testPasteValueSuccess" time="0.448" classname="knowler_unitTests.TestLogic"/>
  <testcase name="testTypeSuccessWithCtrl" time="0.390" classname="knowler_unitTests.TestLogic"/>
  <testcase name="testSelectInvalidXpath" time="0.367" classname="knowler_unitTests.TestLogic"/>
  <testcase name="testCheckVisivelInvalidValue" time="0.352" classname="knowler_unitTests.TestLogic"/>
  <testcase name="testReadDynamicLineSuccess" time="0.366" classname="knowler_unitTests.TestLogic"/>
  <testcase name="testWaitForElementFailure" time="10.566" classname="knowler_unitTests.TestLogic"/>
  <testcase name="testPasteValueNullValue" time="0.432" classname="knowler_unitTests.TestLogic"/>
  <testcase name="testTypeSuccessWithCtrlAndWord" time="0.370" classname="knowler_unitTests.TestLogic"/>
  <testcase name="testCheckVisivelNaoSuccess" time="0.385" classname="knowler_unitTests.TestLogic"/>
  <testcase name="testClickXYInvalidX" time="0.352" classname="knowler_unitTests.TestLogic"/>
  <testcase name="testWriteDynamicValueSuccess" time="0.351" classname="knowler_unitTests.TestLogic"/>
  <testcase name="testCheckNullxPath" time="0.355" classname="knowler_unitTests.TestLogic"/>
  <testcase name="testTypeSuccessWithNull" time="0.343" classname="knowler_unitTests.TestLogic"/>
  <testcase name="testCheckTextoFail" time="0.409" classname="knowler_unitTests.TestLogic"/>
  <testcase name="testCheckDisponivelInvalidValue" time="0.399" classname="knowler_unitTests.TestLogic"/>
  <testcase name="testClickXYSuccess" time="0.650" classname="knowler_unitTests.TestLogic"/>
  <testcase name="testCheckCorFail" time="0.380" classname="knowler_unitTests.TestLogic"/>
  <testcase name="testMoveMouseXYInvalidXY" time="0.365" classname="knowler_unitTests.TestLogic"/>
  <testcase name="testPasteValueInvalidxPath" time="0.382" classname="knowler_unitTests.TestLogic"/>
  <testcase name="testCheckVisivelSimFail" time="0.425" classname="knowler_unitTests.TestLogic"/>
  <testcase name="testCheckVisivelSimSuccess" time="0.440" classname="knowler_unitTests.TestLogic"/>
  <testcase name="testMoveMouseXYSuccess" time="0.541" classname="knowler_unitTests.TestLogic"/>
  <testcase name="testTypeSuccessWith1Word" time="0.456" classname="knowler_unitTests.TestLogic"/>
  <testcase name="testTypeSuccessWithAlt" time="0.403" classname="knowler_unitTests.TestLogic"/>
  <testcase name="testCheckDisponivelSimFail" time="0.386" classname="knowler_unitTests.TestLogic"/>
  <testcase name="testNavigateFailure" time="14.900" classname="knowler_unitTests.TestLogic"/>
  <testcase name="testSetNull" time="0.413" classname="knowler_unitTests.TestLogic"/>
  <testcase name="testSetSuccess" time="0.474" classname="knowler_unitTests.TestLogic"/>
  <testcase name="testClickSuccess" time="0.482" classname="knowler_unitTests.TestLogic"/>
  <testcase name="testNavigateSuccess" time="1.824" classname="knowler_unitTests.TestLogic"/>
  <testcase name="testCheckInvalidAttributeName" time="0.360" classname="knowler_unitTests.TestLogic"/>
  <testcase name="excelManagerTestDataFailure" time="0.403" classname="knowler_unitTests.TestLogic"/>
  <testcase name="testMoveMouseXYInvalidY" time="0.354" classname="knowler_unitTests.TestLogic"/>
  <testcase name="testMoveMouseObjectSuccess" time="1.257" classname="knowler_unitTests.TestLogic"/>
  <testcase name="testPasteValueEmptyValue" time="0.660" classname="knowler_unitTests.TestLogic"/>
  <testcase name="excelManagerTestDataSuccess" time="0.479" classname="knowler_unitTests.TestLogic"/>
  <testcase name="testMoveMouseObjectNullxPath" time="0.354" classname="knowler_unitTests.TestLogic"/>
  <testcase name="testWaitSuccess" time="1.360" classname="knowler_unitTests.TestLogic"/>
  <testcase name="testCheckDisponivelNaoFail" time="0.441" classname="knowler_unitTests.TestLogic"/>
  <testcase name="testCheckTextoSuccess" time="0.429" classname="knowler_unitTests.TestLogic"/>
  <testcase name="testSelectNullxPath" time="0.343" classname="knowler_unitTests.TestLogic"/>
  <testcase name="testTypeNullxPath" time="0.343" classname="knowler_unitTests.TestLogic"/>
  <testcase name="testCheckContemSuccess" time="0.360" classname="knowler_unitTests.TestLogic"/>
  <testcase name="excelManagerFailure" time="0.439" classname="knowler_unitTests.TestLogic"/>
  <testcase name="testCheckDisponivelSimSuccess" time="0.375" classname="knowler_unitTests.TestLogic"/>
  <testcase name="testReadDynamicValueSuccess" time="0.417" classname="knowler_unitTests.TestLogic"/>
  <testcase name="testClickXYInvalidXY" time="0.422" classname="knowler_unitTests.TestLogic"/>
  <testcase name="testTypeSuccessWithAltAndWord" time="0.447" classname="knowler_unitTests.TestLogic"/>
  <testcase name="testWaitLettersInValue" time="0.357" classname="knowler_unitTests.TestLogic"/>
  <testcase name="testSelectInvalidValue" time="0.396" classname="knowler_unitTests.TestLogic"/>
  <testcase name="testCheckContemFail" time="0.377" classname="knowler_unitTests.TestLogic"/>
  <testcase name="testSwitchInvalid" time="0.411" classname="knowler_unitTests.TestLogic"/>
  <testcase name="testPasteValueNullxPath" time="1.021" classname="knowler_unitTests.TestLogic"/>
  <testcase name="testScrollXYSuccess" time="0.354" classname="knowler_unitTests.TestLogic"/>
  <testcase name="testTypeSuccessWith2Words" time="0.413" classname="knowler_unitTests.TestLogic"/>
  <testcase name="testCheckInvalidXpath" time="0.372" classname="knowler_unitTests.TestLogic"/>
  <testcase name="testCheckDisponivelNaoSuccess" time="0.445" classname="knowler_unitTests.TestLogic"/>
  <testcase name="testCheckCorSuccess" time="0.356" classname="knowler_unitTests.TestLogic"/>
  <testcase name="testCheckUrlSuccess" time="0.385" classname="knowler_unitTests.TestLogic"/>
  <testcase name="testCheckVisivelNaoFail" time="0.374" classname="knowler_unitTests.TestLogic"/>
  <testcase name="testScrollXYInvalidX" time="0.346" classname="knowler_unitTests.TestLogic"/>
</testsuite> <!-- knowler_unitTests.TestLogic -->
